0 pcp: PCP { tiles: [Tile { up: "011", dn: "1111" }, Tile { up: "1", dn: "0111" }, Tile { up: "1111", dn: "1" }] }
visited: 14905
upper true: "0110"
upper true: "0111101111110"
upper true: "0111111011110"
upper true: "011111101111110"
upper true: "1111011101111110"
upper true: "1111011111101110"
upper true: "01111110111111111"
upper true: "10111011101111110"
upper true: "11111111101111110"
upper true: "11111111111111111"
visited: 14905
MidExact(MidExactSequence { mid: "0110", dir: UP }) vs [MidExact(MidExactSequence { mid: "0111101111110", dir: UP }), MidExact(MidExactSequence { mid: "0111111011110", dir: UP }), MidExact(MidExactSequence { mid: "011111101111110", dir: UP }), MidExact(MidExactSequence { mid: "1111011101111110", dir: UP }), MidExact(MidExactSequence { mid: "1111011111101110", dir: UP }), MidExact(MidExactSequence { mid: "01111110111111111", dir: UP }), MidExact(MidExactSequence { mid: "10111011101111110", dir: UP }), MidExact(MidExactSequence { mid: "11111111101111110", dir: UP }), MidExact(MidExactSequence { mid: "11111111111111111", dir: UP })]
Timeout
timeout
Result(true)
MidExact(MidExactSequence { mid: "
0111101111110", dir: UP }) vs [MidExact(MidExactSequence { mid: "0110", dir: UP }), MidExact(MidExactSequence { mid: "0111111011110", dir: UP }), MidExact(MidExactSequence { mid: "011111101111110", dir: UP }), MidExact(MidExactSequence { mid: "1111011101111110", dir: UP }), MidExact(MidExactSequence { mid: "1111011111101110", dir: UP }), MidExact(MidExactSequence { mid: "01111110111111111", dir: UP }), MidExact(MidExactSequence { mid: "10111011101111110", dir: UP }), MidExact(MidExactSequence { mid: "11111111101111110", dir: UP }), MidExact(MidExactSequence { mid: "11111111111111111", dir: UP })]
Timeout
timeout
Timeout
timeout
Timeout
timeout
Result(true)
MidExact(MidExactSequence { mid: "0111111011110", dir: UP }) vs [MidExact(MidExactSequence { mid: "0110", dir: UP }), MidExact(MidExactSequence { mid: "0111101111110", dir: UP }), MidExact(MidExactSequence { mid: "011111101111110", dir: UP }), MidExact(MidExactSequence { mid: "1111011101111110", dir: UP }), MidExact(MidExactSequence { mid: "1111011111101110", dir: UP }), MidExact(MidExactSequence { mid: "01111110111111111", dir: UP }), MidExact(MidExactSequence { mid: "10111011101111110", dir: UP }), MidExact(MidExactSequence { mid: "11111111101111110", dir: UP }), MidExact(MidExactSequence { mid: "11111111111111111", dir: UP })]
Timeout
timeout
Timeout
timeout
Timeout
timeout
Result(true)
MidExact(MidExactSequence { mid: "011111101111110", dir: UP }) vs [MidExact(MidExactSequence { mid: "0110", dir: UP }), MidExact(MidExactSequence { mid: "0111101111110", dir: UP }), MidExact(MidExactSequence { mid: "0111111011110", dir: UP }), MidExact(MidExactSequence { mid: "1111011101111110", dir: UP }), MidExact(MidExactSequence { mid: "1111011111101110", dir: UP }), MidExact(MidExactSequence { mid: "01111110111111111", dir: UP }), MidExact(MidExactSequence { mid: "10111011101111110", dir: UP }), MidExact(MidExactSequence { mid: "11111111101111110", dir: UP }), MidExact(MidExactSequence { mid: "11111111111111111", dir: UP })]
Timeout
timeout
Timeout
timeout
Timeout
timeout
Result(true)
MidExact(MidExactSequence { mid: "1111011101111110", dir: UP }) vs [MidExact(MidExactSequence { mid: "0110", dir: UP }), MidExact(MidExactSequence { mid: "0111101111110", dir: UP }), MidExact(MidExactSequence { mid: "0111111011110", dir: UP }), MidExact(MidExactSequence { mid: "011111101111110", dir: UP }), MidExact(MidExactSequence { mid: "1111011111101110", dir: UP }), MidExact(MidExactSequence { mid: "01111110111111111", dir: UP }), MidExact(MidExactSequence { mid: "10111011101111110", dir: UP }), MidExact(MidExactSequence { mid: "11111111101111110", dir: UP }), MidExact(MidExactSequence { mid: "11111111111111111", dir: UP })]
Timeout
timeout
Timeout
timeout
Timeout
timeout
Result(true)
MidExact(MidExactSequence { mid: "1111011111101110", dir: UP }) vs [MidExact(MidExactSequence { mid: "0110", dir: UP }), MidExact(MidExactSequence { mid: "0111101111110", dir: UP }), MidExact(MidExactSequence { mid: "0111111011110", dir: UP }), MidExact(MidExactSequence { mid: "011111101111110", dir: UP }), MidExact(MidExactSequence { mid: "1111011101111110", dir: UP }), MidExact(MidExactSequence { mid: "01111110111111111", dir: UP }), MidExact(MidExactSequence { mid: "10111011101111110", dir: UP }), MidExact(MidExactSequence { mid: "11111111101111110", dir: UP }), MidExact(MidExactSequence { mid: "11111111111111111", dir: UP })]
Timeout
timeout
Timeout
timeout
Timeout
timeout
Result(true)
MidExact(MidExactSequence { mid: "01111110111111111", dir: UP }) vs [MidExact(MidExactSequence { mid: "0110", dir: UP }), MidExact(MidExactSequence { mid: "0111101111110", dir: UP }), MidExact(MidExactSequence { mid: "0111111011110", dir: UP }), MidExact(MidExactSequence { mid: "011111101111110", dir: UP }), MidExact(MidExactSequence { mid: "1111011101111110", dir: UP }), MidExact(MidExactSequence { mid: "1111011111101110", dir: UP }), MidExact(MidExactSequence { mid: "10111011101111110", dir: UP }), MidExact(MidExactSequence { mid: "11111111101111110", dir: UP }), MidExact(MidExactSequence { mid: "11111111111111111", dir: UP })]
Timeout
timeout
Timeout
timeout
Timeout
timeout
Timeout
timeout
Timeout
timeout
Timeout
timeout


"0110"
upper true: "0111101111110"
upper true: "0111111011110"
upper true: "011111101111110"
upper true: "01111110111111111"
upper true: "11111011101111110"
upper true: "11111011111101110"
upper true: "11111111101111110"
upper true: "111111111111111111"
upper true:  "1011111111111111111"
111111111011111111011111111110
recursive strings: [MidExact(MidExactSequence { mid: "0110", dir: UP }), MidExact(MidExactSequence { mid: "0111101111110", dir: UP }), MidExact(MidExactSequence { mid: "0111111011110", dir: UP }), MidExact(MidExactSequence { mid: "011111101111110", dir: UP }), MidExact(MidExactSequence { mid: "01111110111111111", dir: UP }), MidExact(MidExactSequence { mid: "11111011101111110", dir: UP }), MidExact(MidExactSequence { mid: "11111011111101110", dir: UP }), MidExact(MidExactSequence { mid: "11111111101111110", dir: UP }), MidExact(MidExactSequence { mid: "111111111111111111", dir: UP }), MidExact(MidExactSequence { mid: "1011111111111111111", dir: UP })]
all ok