26 pcp: PCP { tiles: [Tile { up: "1111", dn: "1" }, Tile { up: "1", dn: "1001" }, Tile { up: "0", dn: "11" }] }
visited: 16096
upper true: "000"
upper true: "010"
upper true: "101"
upper true: "011110"
upper true: "0111110"
upper true: "11111111"
upper true: "1111001111"
upper true: "111001111111"
upper true: "111111100111"
lower true: "0110"
lower true: "01110"
lower true: "01111110"
lower true: "011111110"
visited: 16096
MidExact(MidExactSequence { mid: "000", dir: UP }) vs [MidExact(MidExactSequence { mid: "010", dir: UP }), MidExact(MidExactSequence { mid: "101", dir: UP }), MidExact(MidExactSequence { mid: "011110", dir: UP }), MidExact(MidExactSequence { mid: "0111110", dir: UP }), MidExact(MidExactSequence { mid: "11111111", dir: UP }), MidExact(MidExactSequence { mid: "1111001111", dir: UP }), MidExact(MidExactSequence { mid: "111001111111", dir: UP }), MidExact(MidExactSequence { mid: "111111100111", dir: UP }), MidExact(MidExactSequence { mid: "0110", dir: DN }), MidExact(MidExactSequence { mid: "01110", dir: DN }), MidExact(MidExactSequence { mid: "01111110", dir: DN }), MidExact(MidExactSequence { mid: "011111110", dir: DN })]
Timeout
timeout
Result(true)
MidExact(MidExactSequence { mid: "010", dir: UP }) vs [MidExact(MidExactSequence { mid: "000", dir: UP }), MidExact(MidExactSequence { mid: "101", dir: UP }), MidExact(MidExactSequence { mid: "011110", dir: UP }), MidExact(MidExactSequence { mid: "0111110", dir: UP }), MidExact(MidExactSequence { mid: "11111111", dir: UP }), MidExact(MidExactSequence { mid: "1111001111", dir: UP }), MidExact(MidExactSequence { mid: "111001111111", dir: UP }), MidExact(MidExactSequence { mid: "111111100111", dir: UP }), MidExact(MidExactSequence { mid: "0110", dir: DN }), MidExact(MidExactSequence { mid: "01110", dir: DN }), MidExact(MidExactSequence { mid: "01111110", dir: DN }), MidExact(MidExactSequence { mid: "011111110", dir: DN })]
Timeout
timeout
Result(true)
MidExact(MidExactSequence { mid: "101", dir: UP }) vs [MidExact(MidExactSequence { mid: "000", dir: UP }), MidExact(MidExactSequence { mid: "010", dir: UP }), MidExact(MidExactSequence { mid: "011110", dir: UP }), MidExact(MidExactSequence { mid: "0111110", dir: UP }), MidExact(MidExactSequence { mid: "11111111", dir: UP }), MidExact(MidExactSequence { mid: "1111001111", dir: UP }), MidExact(MidExactSequence { mid: "111001111111", dir: UP }), MidExact(MidExactSequence { mid: "111111100111", dir: UP }), MidExact(MidExactSequence { mid: "0110", dir: DN }), MidExact(MidExactSequence { mid: "01110", dir: DN }), MidExact(MidExactSequence { mid: "01111110", dir: DN }), MidExact(MidExactSequence { mid: "011111110", dir: DN })]
Timeout
timeout
Result(true)
MidExact(MidExactSequence { mid: "011110", dir: UP }) vs [MidExact(MidExactSequence { mid: "000", dir: UP }), MidExact(MidExactSequence { mid: "010", dir: UP }), MidExact(MidExactSequence { mid: "101", dir: UP }), MidExact(MidExactSequence { mid: "0111110", dir: UP }), MidExact(MidExactSequence { mid: "11111111", dir: UP }), MidExact(MidExactSequence { mid: "1111001111", dir: UP }), MidExact(MidExactSequence { mid: "111001111111", dir: UP }), MidExact(MidExactSequence { mid: "111111100111", dir: UP }), MidExact(MidExactSequence { mid: "0110", dir: DN }), MidExact(MidExactSequence { mid: "01110", dir: DN }), MidExact(MidExactSequence { mid: "01111110", dir: DN }), MidExact(MidExactSequence { mid: "011111110", dir: DN })]
Timeout
timeout
Timeout
timeout
Result(true)
MidExact(MidExactSequence { mid: "0111110", dir: UP }) vs [MidExact(MidExactSequence { mid: "000", dir: UP }), MidExact(MidExactSequence { mid: "010", dir: UP }), MidExact(MidExactSequence { mid: "101", dir: UP }), MidExact(MidExactSequence { mid: "011110", dir: UP }), MidExact(MidExactSequence { mid: "11111111", dir: UP }), MidExact(MidExactSequence { mid: "1111001111", dir: UP }), MidExact(MidExactSequence { mid: "111001111111", dir: UP }), MidExact(MidExactSequence { mid: "111111100111", dir: UP }), MidExact(MidExactSequence { mid: "0110", dir: DN }), MidExact(MidExactSequence { mid: "01110", dir: DN }), MidExact(MidExactSequence { mid: "01111110", dir: DN }), MidExact(MidExactSequence { mid: "011111110", dir: DN })]
Timeout
timeout
Timeout
timeout
Timeout
timeout
Result(true)
MidExact(MidExactSequence { mid: "11111111", dir: UP }) vs [MidExact(MidExactSequence { mid: "000", dir: UP }), MidExact(MidExactSequence { mid: "010", dir: UP }), MidExact(MidExactSequence { mid: "101", dir: UP }), MidExact(MidExactSequence { mid: "011110", dir: UP }), MidExact(MidExactSequence { mid: "0111110", dir: UP }), MidExact(MidExactSequence { mid: "1111001111", dir: UP }), MidExact(MidExactSequence { mid: "111001111111", dir: UP }), MidExact(MidExactSequence { mid: "111111100111", dir: UP }), MidExact(MidExactSequence { mid: "0110", dir: DN }), MidExact(MidExactSequence { mid: "01110", dir: DN }), MidExact(MidExactSequence { mid: "01111110", dir: DN }), MidExact(MidExactSequence { mid: "011111110", dir: DN })]
Timeout
timeout
Timeout
timeout
Timeout
timeout
Result(true)
MidExact(MidExactSequence { mid: "1111001111", dir: UP }) vs [MidExact(MidExactSequence { mid: "000", dir: UP }), MidExact(MidExactSequence { mid: "010", dir: UP }), MidExact(MidExactSequence { mid: "101", dir: UP }), MidExact(MidExactSequence { mid: "011110", dir: UP }), MidExact(MidExactSequence { mid: "0111110", dir: UP }), MidExact(MidExactSequence { mid: "11111111", dir: UP }), MidExact(MidExactSequence { mid: "111001111111", dir: UP }), MidExact(MidExactSequence { mid: "111111100111", dir: UP }), MidExact(MidExactSequence { mid: "0110", dir: DN }), MidExact(MidExactSequence { mid: "01110", dir: DN }), MidExact(MidExactSequence { mid: "01111110", dir: DN }), MidExact(MidExactSequence { mid: "011111110", dir: DN })]
Timeout
timeout
Timeout
timeout
Timeout
timeout
Result(true)
MidExact(MidExactSequence { mid: "111001111111", dir: UP }) vs [MidExact(MidExactSequence { mid: "000", dir: UP }), MidExact(MidExactSequence { mid: "010", dir: UP }), MidExact(MidExactSequence { mid: "101", dir: UP }), MidExact(MidExactSequence { mid: "011110", dir: UP }), MidExact(MidExactSequence { mid: "0111110", dir: UP }), MidExact(MidExactSequence { mid: "11111111", dir: UP }), MidExact(MidExactSequence { mid: "1111001111", dir: UP }), MidExact(MidExactSequence { mid: "111111100111", dir: UP }), MidExact(MidExactSequence { mid: "0110", dir: DN }), MidExact(MidExactSequence { mid: "01110", dir: DN }), MidExact(MidExactSequence { mid: "01111110", dir: DN }), MidExact(MidExactSequence { mid: "011111110", dir: DN })]
Timeout
timeout
Timeout
timeout
Timeout
timeout
Result(true)
MidExact(MidExactSequence { mid: "111111100111", dir: UP }) vs [MidExact(MidExactSequence { mid: "000", dir: UP }), MidExact(MidExactSequence { mid: "010", dir: UP }), MidExact(MidExactSequence { mid: "101", dir: UP }), MidExact(MidExactSequence { mid: "011110", dir: UP }), MidExact(MidExactSequence { mid: "0111110", dir: UP }), MidExact(MidExactSequence { mid: "11111111", dir: UP }), MidExact(MidExactSequence { mid: "1111001111", dir: UP }), MidExact(MidExactSequence { mid: "111001111111", dir: UP }), MidExact(MidExactSequence { mid: "0110", dir: DN }), MidExact(MidExactSequence { mid: "01110", dir: DN }), MidExact(MidExactSequence { mid: "01111110", dir: DN }), MidExact(MidExactSequence { mid: "011111110", dir: DN })]
Timeout
timeout
Timeout
timeout
Timeout
timeout
Result(true)
MidExact(MidExactSequence { mid: "0110", dir: DN }) vs [MidExact(MidExactSequence { mid: "000", dir: UP }), MidExact(MidExactSequence { mid: "010", dir: UP }), MidExact(MidExactSequence { mid: "101", dir: UP }), MidExact(MidExactSequence { mid: "011110", dir: UP }), MidExact(MidExactSequence { mid: "0111110", dir: UP }), MidExact(MidExactSequence { mid: "11111111", dir: UP }), MidExact(MidExactSequence { mid: "1111001111", dir: UP }), MidExact(MidExactSequence { mid: "111001111111", dir: UP }), MidExact(MidExactSequence { mid: "111111100111", dir: UP }), MidExact(MidExactSequence { mid: "01110", dir: DN }), MidExact(MidExactSequence { mid: "01111110", dir: DN }), MidExact(MidExactSequence { mid: "011111110", dir: DN })]
Timeout
timeout
Timeout
timeout
Result(true)
MidExact(MidExactSequence { mid: "01110", dir: DN }) vs [MidExact(MidExactSequence { mid: "000", dir: UP }), MidExact(MidExactSequence { mid: "010", dir: UP }), MidExact(MidExactSequence { mid: "101", dir: UP }), MidExact(MidExactSequence { mid: "011110", dir: UP }), MidExact(MidExactSequence { mid: "0111110", dir: UP }), MidExact(MidExactSequence { mid: "11111111", dir: UP }), MidExact(MidExactSequence { mid: "1111001111", dir: UP }), MidExact(MidExactSequence { mid: "111001111111", dir: UP }), MidExact(MidExactSequence { mid: "111111100111", dir: UP }), MidExact(MidExactSequence { mid: "0110", dir: DN }), MidExact(MidExactSequence { mid: "01111110", dir: DN }), MidExact(MidExactSequence { mid: "011111110", dir: DN })]
Timeout
timeout
Timeout
timeout
Result(true)
MidExact(MidExactSequence { mid: "01111110", dir: DN }) vs [MidExact(MidExactSequence { mid: "000", dir: UP }), MidExact(MidExactSequence { mid: "010", dir: UP }), MidExact(MidExactSequence { mid: "101", dir: UP }), MidExact(MidExactSequence { mid: "011110", dir: UP }), MidExact(MidExactSequence { mid: "0111110", dir: UP }), MidExact(MidExactSequence { mid: "11111111", dir: UP }), MidExact(MidExactSequence { mid: "1111001111", dir: UP }), MidExact(MidExactSequence { mid: "111001111111", dir: UP }), MidExact(MidExactSequence { mid: "111111100111", dir: UP }), MidExact(MidExactSequence { mid: "0110", dir: DN }), MidExact(MidExactSequence { mid: "01110", dir: DN }), MidExact(MidExactSequence { mid: "011111110", dir: DN })]
Timeout
timeout
Timeout
timeout
Timeout
timeout
Result(true)
MidExact(MidExactSequence { mid: "011111110", dir: DN }) vs [MidExact(MidExactSequence { mid: "000", dir: UP }), MidExact(MidExactSequence { mid: "010", dir: UP }), MidExact(MidExactSequence { mid: "101", dir: UP }), MidExact(MidExactSequence { mid: "011110", dir: UP }), MidExact(MidExactSequence { mid: "0111110", dir: UP }), MidExact(MidExactSequence { mid: "11111111", dir: UP }), MidExact(MidExactSequence { mid: "1111001111", dir: UP }), MidExact(MidExactSequence { mid: "111001111111", dir: UP }), MidExact(MidExactSequence { mid: "111111100111", dir: UP }), MidExact(MidExactSequence { mid: "0110", dir: DN }), MidExact(MidExactSequence { mid: "01110", dir: DN }), MidExact(MidExactSequence { mid: "01111110", dir: DN })]
Timeout
timeout
Timeout
timeout
Timeout
timeout
Result(true)
recursive strings: [MidExact(MidExactSequence { mid: "000", dir: UP }), MidExact(MidExactSequence { mid: "010", dir: UP }), MidExact(MidExactSequence { mid: "101", dir: UP }), MidExact(MidExactSequence { mid: "011110", dir: UP }), MidExact(MidExactSequence { mid: "0111110", dir: UP }), MidExact(MidExactSequence { mid: "11111111", dir: UP }), MidExact(MidExactSequence { mid: "1111001111", dir: UP }), MidExact(MidExactSequence { mid: "111001111111", dir: UP }), MidExact(MidExactSequence { mid: "111111100111", dir: UP }), MidExact(MidExactSequence { mid: "0110", dir: DN }), MidExact(MidExactSequence { mid: "01110", dir: DN }), MidExact(MidExactSequence { mid: "01111110", dir: DN }), MidExact(MidExactSequence { mid: "011111110", dir: DN })]
all ok
27 pcp: PCP { tiles: [Tile { up: "1111", dn: "1" }, Tile { up: "1", dn: "110" }, Tile { up: "0", dn: "11" }] }
visited: 16827
upper true: "0"
upper true: "1"
lower true: "0110"
lower true: "011111110"
visited: 16827
MidExact(MidExactSequence { mid: "0", dir: UP }) vs [MidExact(MidExactSequence { mid: "1", dir: UP }), MidExact(MidExactSequence { mid: "0110", dir: DN }), MidExact(MidExactSequence { mid: "011111110", dir: DN })]
Timeout
timeout
Result(true)
MidExact(MidExactSequence { mid: "1", dir: UP }) vs [MidExact(MidExactSequence { mid: "0", dir: UP }), MidExact(MidExactSequence { mid: "0110", dir: DN }), MidExact(MidExactSequence { mid: "011111110", dir: DN })]
Timeout
timeout
Timeout
timeout
Timeout
timeout
Result(true)
MidExact(MidExactSequence { mid: "0110", dir: DN }) vs [MidExact(MidExactSequence { mid: "0", dir: UP }), MidExact(MidExactSequence { mid: "1", dir: UP }), MidExact(MidExactSequence { mid: "011111110", dir: DN })]
Timeout
timeout
Timeout
timeout
Result(true)
MidExact(MidExactSequence { mid: "011111110", dir: DN }) vs [MidExact(MidExactSequence { mid: "0", dir: UP }), MidExact(MidExactSequence { mid: "1", dir: UP }), MidExact(MidExactSequence { mid: "0110", dir: DN })]
Timeout
timeout
Timeout
timeout
Timeout
timeout
Result(true)
recursive strings: [MidExact(MidExactSequence { mid: "0", dir: UP }), MidExact(MidExactSequence { mid: "1", dir: UP }), MidExact(MidExactSequence { mid: "0110", dir: DN }), MidExact(MidExactSequence { mid: "011111110", dir: DN })]
all ok
28 pcp: PCP { tiles: [Tile { up: "1110", dn: "01" }, Tile { up: "101", dn: "1" }, Tile { up: "1", dn: "1011" }] }
visited: 11586
upper true: "01011110101111"
upper true: "10101111010111"
upper true: "11110101111010"
visited: 11586
MidExact(MidExactSequence { mid: "01011110101111", dir: UP }) vs [MidExact(MidExactSequence { mid: "10101111010111", dir: UP }), MidExact(MidExactSequence { mid: "11110101111010", dir: UP })]
Timeout
timeout
Timeout
timeout
Timeout
timeout
Timeout
timeout
Timeout
timeout
Timeout
timeout
