29 pcp: PCP { tiles: [Tile { up: "1110", dn: "1" }, Tile { up: "111", dn: "10" }, Tile { up: "1", dn: "111" }] }
visited: 14097
upper true: "01110"
lower true: "0"
lower true: "1"
visited: 14097
MidExact(MidExactSequence { mid: "01110", dir: UP }) vs [MidExact(MidExactSequence { mid: "0", dir: DN }), MidExact(MidExactSequence { mid: "1", dir: DN })]
Timeout
timeout
Timeout
timeout
Result(true)
MidExact(MidExactSequence { mid: "0", dir: DN }) vs [MidExact(MidExactSequence { mid: "01110", dir: UP }), MidExact(MidExactSequence { mid: "1", dir: DN })]
Timeout
timeout
Result(true)
MidExact(MidExactSequence { mid: "1", dir: DN }) vs [MidExact(MidExactSequence { mid: "01110", dir: UP }), MidExact(MidExactSequence { mid: "0", dir: DN })]
Timeout
timeout
Timeout
timeout
Timeout
timeout
Timeout
timeout
Timeout
timeout
Timeout
timeout
Timeout
timeout
