0 pcp: PCP { tiles: [Tile { up: "1111", dn: "110" }, Tile { up: "1110", dn: "1" }, Tile { up: "1", dn: "1111" }] }
visited: 15256
lower true: "0"
lower true: "1"
visited: 15256
MidExact(MidExactSequence { mid: "0", dir: DN }) vs [MidExact(MidExactSequence { mid: "1", dir: DN })]
Timeout
timeout
Result(true)
MidExact(MidExactSequence { mid: "1", dir: DN }) vs [MidExact(MidExactSequence { mid: "0", dir: DN })]
Timeout
timeout
Timeout
timeout
Result(true)
recursive strings: [MidExact(MidExactSequence { mid: "0", dir: DN }), MidExact(MidExactSequence { mid: "1", dir: DN })]
all ok
1 pcp: PCP { tiles: [Tile { up: "1111", dn: "110" }, Tile { up: "1101", dn: "1" }, Tile { up: "1", dn: "1111" }] }
visited: 15317
lower true: "0110"
visited: 15317
MidExact(MidExactSequence { mid: "0110", dir: DN }) vs []
Timeout
timeout
Timeout
timeout
Result(true)
recursive strings: [MidExact(MidExactSequence { mid: "0110", dir: DN })]
all ok
2 pcp: PCP { tiles: [Tile { up: "1111", dn: "110" }, Tile { up: "1011", dn: "1" }, Tile { up: "1", dn: "1111" }] }
visited: 15248
lower true: "0110"
visited: 15248
MidExact(MidExactSequence { mid: "0110", dir: DN }) vs []
Timeout
timeout
Result(true)
recursive strings: [MidExact(MidExactSequence { mid: "0110", dir: DN })]
all ok
3 pcp: PCP { tiles: [Tile { up: "1111", dn: "110" }, Tile { up: "0111", dn: "1" }, Tile { up: "1", dn: "1111" }] }
visited: 15181
lower true: "0110"
visited: 15181
MidExact(MidExactSequence { mid: "0110", dir: DN }) vs []
Timeout
timeout
Result(true)
recursive strings: [MidExact(MidExactSequence { mid: "0110", dir: DN })]
all ok
4 pcp: PCP { tiles: [Tile { up: "1111", dn: "101" }, Tile { up: "1110", dn: "1" }, Tile { up: "1", dn: "1111" }] }
visited: 15003
lower true: "0110"
visited: 15003
MidExact(MidExactSequence { mid: "0110", dir: DN }) vs []
Timeout
timeout
Timeout
timeout
Result(false)
failed: MidExact(MidExactSequence { mid: "0110", dir: DN })
recursive strings: []
all ok
5 pcp: PCP { tiles: [Tile { up: "1111", dn: "101" }, Tile { up: "1101", dn: "1" }, Tile { up: "1", dn: "1111" }] }
visited: 15076
lower true: "0110"
lower true: "01111110"
lower true: "1111111111"
visited: 15076
MidExact(MidExactSequence { mid: "0110", dir: DN }) vs [MidExact(MidExactSequence { mid: "01111110", dir: DN }), MidExact(MidExactSequence { mid: "1111111111", dir: DN })]
Timeout
timeout
Result(false)
failed: MidExact(MidExactSequence { mid: "0110", dir: DN })
MidExact(MidExactSequence { mid: "01111110", dir: DN }) vs [MidExact(MidExactSequence { mid: "1111111111", dir: DN })]
Timeout
timeout
Timeout
timeout
Result(false)
failed: MidExact(MidExactSequence { mid: "01111110", dir: DN })
MidExact(MidExactSequence { mid: "1111111111", dir: DN }) vs []
Timeout
timeout
Result(false)
failed: MidExact(MidExactSequence { mid: "1111111111", dir: DN })
recursive strings: []
all ok
6 pcp: PCP { tiles: [Tile { up: "1111", dn: "100" }, Tile { up: "0011", dn: "1" }, Tile { up: "1", dn: "1111" }] }
visited: 15248
lower true: "010"
lower true: "01111100111110"
visited: 15248
MidExact(MidExactSequence { mid: "010", dir: DN }) vs [MidExact(MidExactSequence { mid: "01111100111110", dir: DN })]
Timeout
timeout
Result(true)
MidExact(MidExactSequence { mid: "01111100111110", dir: DN }) vs [MidExact(MidExactSequence { mid: "010", dir: DN })]
Timeout
timeout
Timeout
timeout
Timeout
timeout
Timeout
timeout
Timeout
timeout
Timeout
timeout
