0 pcp: PCP { tiles: [Tile { up: "011", dn: "1111" }, Tile { up: "1", dn: "0111" }, Tile { up: "1111", dn: "1" }] }
visited: 14905
upper true: "0110"
upper true: "0111101111110"
upper true: "0111111011110"
upper true: "011111101111110"
upper true: "01111110111111111"
upper true: "11111011101111110"
upper true: "11111011111101110"
upper true: "11111111101111110"
upper true: "111111111111111111"
upper true: "1011111111111111111"
visited: 14905
MidExact(MidExactSequence { mid: "0110", dir: UP }) vs [MidExact(MidExactSequence { mid: "0111101111110", dir: UP }), MidExact(MidExactSequence { mid: "0111111011110", dir: UP }), MidExact(MidExactSequence { mid: "011111101111110", dir: UP }), MidExact(MidExactSequence { mid: "01111110111111111", dir: UP }), MidExact(MidExactSequence { mid: "11111011101111110", dir: UP }), MidExact(MidExactSequence { mid: "11111011111101110", dir: UP }), MidExact(MidExactSequence { mid: "11111111101111110", dir: UP }), MidExact(MidExactSequence { mid: "111111111111111111", dir: UP }), MidExact(MidExactSequence { mid: "1011111111111111111", dir: UP })]
Timeout
timeout
Result(true)
visited: 14905
MidExact(MidExactSequence { mid: "0111101111110", dir: UP }) vs [MidExact(MidExactSequence { mid: "0110", dir: UP }), MidExact(MidExactSequence { mid: "0111111011110", dir: UP }), MidExact(MidExactSequence { mid: "011111101111110", dir: UP }), MidExact(MidExactSequence { mid: "01111110111111111", dir: UP }), MidExact(MidExactSequence { mid: "11111011101111110", dir: UP }), MidExact(MidExactSequence { mid: "11111011111101110", dir: UP }), MidExact(MidExactSequence { mid: "11111111101111110", dir: UP }), MidExact(MidExactSequence { mid: "111111111111111111", dir: UP }), MidExact(MidExactSequence { mid: "1011111111111111111", dir: UP })]
Timeout
timeout
Timeout
timeout
Timeout
timeout
Result(true)
visited: 14905
MidExact(MidExactSequence { mid: "0111111011110", dir: UP }) vs [MidExact(MidExactSequence { mid: "0110", dir: UP }), MidExact(MidExactSequence { mid: "0111101111110", dir: UP }), MidExact(MidExactSequence { mid: "011111101111110", dir: UP }), MidExact(MidExactSequence { mid: "01111110111111111", dir: UP }), MidExact(MidExactSequence { mid: "11111011101111110", dir: UP }), MidExact(MidExactSequence { mid: "11111011111101110", dir: UP }), MidExact(MidExactSequence { mid: "11111111101111110", dir: UP }), MidExact(MidExactSequence { mid: "111111111111111111", dir: UP }), MidExact(MidExactSequence { mid: "1011111111111111111", dir: UP })]
Timeout
timeout
Timeout
timeout
Timeout
timeout
Result(true)
visited: 14905
MidExact(MidExactSequence { mid: "011111101111110", dir: UP }) vs [MidExact(MidExactSequence { mid: "0110", dir: UP }), MidExact(MidExactSequence { mid: "0111101111110", dir: UP }), MidExact(MidExactSequence { mid: "0111111011110", dir: UP }), MidExact(MidExactSequence { mid: "01111110111111111", dir: UP }), MidExact(MidExactSequence { mid: "11111011101111110", dir: UP }), MidExact(MidExactSequence { mid: "11111011111101110", dir: UP }), MidExact(MidExactSequence { mid: "11111111101111110", dir: UP }), MidExact(MidExactSequence { mid: "111111111111111111", dir: UP }), MidExact(MidExactSequence { mid: "1011111111111111111", dir: UP })]
Timeout
timeout
Timeout
timeout
Timeout
timeout
Result(true)
visited: 14905
MidExact(MidExactSequence { mid: "01111110111111111", dir: UP }) vs [MidExact(MidExactSequence { mid: "0110", dir: UP }), MidExact(MidExactSequence { mid: "0111101111110", dir: UP }), MidExact(MidExactSequence { mid: "0111111011110", dir: UP }), MidExact(MidExactSequence { mid: "011111101111110", dir: UP }), MidExact(MidExactSequence { mid: "11111011101111110", dir: UP }), MidExact(MidExactSequence { mid: "11111011111101110", dir: UP }), MidExact(MidExactSequence { mid: "11111111101111110", dir: UP }), MidExact(MidExactSequence { mid: "111111111111111111", dir: UP }), MidExact(MidExactSequence { mid: "1011111111111111111", dir: UP })]
Timeout
timeout
Timeout
timeout
Timeout
timeout
Timeout
timeout
theorem checking MidExact(MidExactSequence { mid: "01111110", dir: UP })
timeout theorem: MidExact(MidExactSequence { mid: "01111110", dir: UP })
theorem checking MidExact(MidExactSequence { mid: "1111101111110", dir: UP })
timeout theorem: MidExact(MidExactSequence { mid: "1111101111110", dir: UP })
theorem checking MidExact(MidExactSequence { mid: "11111011111101", dir: UP })
timeout theorem: MidExact(MidExactSequence { mid: "11111011111101", dir: UP })
theorem checking MidExact(MidExactSequence { mid: "11111101111110", dir: UP })
timeout theorem: MidExact(MidExactSequence { mid: "11111101111110", dir: UP })
theorem checking MidExact(MidExactSequence { mid: "111111011111101", dir: UP })
timeout theorem: MidExact(MidExactSequence { mid: "111111011111101", dir: UP })
theorem checking MidExact(MidExactSequence { mid: "111110111111111101111", dir: UP })
theorem: MidExact(MidExactSequence { mid: "111110111111111101111", dir: UP })
theorem checking MidExact(MidExactSequence { mid: "111110111111111101111", dir: UP })
theorem: MidExact(MidExactSequence { mid: "111110111111111101111", dir: UP })
theorem checking MidExact(MidExactSequence { mid: "111110111111111101111", dir: UP })
theorem: MidExact(MidExactSequence { mid: "111110111111111101111", dir: UP })
theorem checking MidExact(MidExactSequence { mid: "111110111111111101111", dir: UP })
theorem: MidExact(MidExactSequence { mid: "111110111111111101111", dir: UP })
theorem checking MidExact(MidExactSequence { mid: "111110111111111101111", dir: UP })
theorem: MidExact(MidExactSequence { mid: "111110111111111101111", dir: UP })
theorem checking MidExact(MidExactSequence { mid: "011111101111", dir: UP })
theorem: MidExact(MidExactSequence { mid: "011111101111", dir: UP })
theorem checking MidExact(MidExactSequence { mid: "011111101111", dir: UP })
theorem: MidExact(MidExactSequence { mid: "011111101111", dir: UP })
Result(true)
visited: 14905
MidExact(MidExactSequence { mid: "11111011101111110", dir: UP }) vs [MidExact(MidExactSequence { mid: "0110", dir: UP }), MidExact(MidExactSequence { mid: "0111101111110", dir: UP }), MidExact(MidExactSequence { mid: "0111111011110", dir: UP }), MidExact(MidExactSequence { mid: "011111101111110", dir: UP }), MidExact(MidExactSequence { mid: "01111110111111111", dir: UP }), MidExact(MidExactSequence { mid: "11111011111101110", dir: UP }), MidExact(MidExactSequence { mid: "11111111101111110", dir: UP }), MidExact(MidExactSequence { mid: "111111111111111111", dir: UP }), MidExact(MidExactSequence { mid: "1011111111111111111", dir: UP })]
Timeout
timeout
Timeout
timeout
Timeout
timeout
Timeout
timeout
theorem checking MidExact(MidExactSequence { mid: "01111110", dir: UP })
timeout theorem: MidExact(MidExactSequence { mid: "01111110", dir: UP })
theorem checking MidExact(MidExactSequence { mid: "11111101111110", dir: UP })
timeout theorem: MidExact(MidExactSequence { mid: "11111101111110", dir: UP })
theorem checking MidExact(MidExactSequence { mid: "111111011111101", dir: UP })
timeout theorem: MidExact(MidExactSequence { mid: "111111011111101", dir: UP })
Timeout
timeout
theorem checking MidExact(MidExactSequence { mid: "11111111110", dir: UP })
theorem checking MidExact(MidExactSequence { mid: "101111111111", dir: UP })
theorem checking MidExact(MidExactSequence { mid: "111111111101", dir: UP })
theorem checking MidExact(MidExactSequence { mid: "1111101111111111", dir: UP })
theorem: MidExact(MidExactSequence { mid: "1111101111111111", dir: UP })
theorem checking MidExact(MidExactSequence { mid: "1111101111111111", dir: UP })
theorem: MidExact(MidExactSequence { mid: "1111101111111111", dir: UP })
theorem checking MidExact(MidExactSequence { mid: "1111101111111111", dir: UP })
theorem: MidExact(MidExactSequence { mid: "1111101111111111", dir: UP })
theorem checking MidExact(MidExactSequence { mid: "1111101111111111", dir: UP })
theorem: MidExact(MidExactSequence { mid: "1111101111111111", dir: UP })
theorem checking MidExact(MidExactSequence { mid: "1111101111111111", dir: UP })
theorem: MidExact(MidExactSequence { mid: "1111101111111111", dir: UP })
Result(true)
visited: 14905
MidExact(MidExactSequence { mid: "11111011111101110", dir: UP }) vs [MidExact(MidExactSequence { mid: "0110", dir: UP }), MidExact(MidExactSequence { mid: "0111101111110", dir: UP }), MidExact(MidExactSequence { mid: "0111111011110", dir: UP }), MidExact(MidExactSequence { mid: "011111101111110", dir: UP }), MidExact(MidExactSequence { mid: "01111110111111111", dir: UP }), MidExact(MidExactSequence { mid: "11111011101111110", dir: UP }), MidExact(MidExactSequence { mid: "11111111101111110", dir: UP }), MidExact(MidExactSequence { mid: "111111111111111111", dir: UP }), MidExact(MidExactSequence { mid: "1011111111111111111", dir: UP })]
Timeout
timeout
Timeout
timeout
Timeout
timeout
Timeout
timeout
theorem checking MidExact(MidExactSequence { mid: "01111110", dir: UP })
timeout theorem: MidExact(MidExactSequence { mid: "01111110", dir: UP })
theorem checking MidExact(MidExactSequence { mid: "1111111111110", dir: UP })
timeout theorem: MidExact(MidExactSequence { mid: "1111111111110", dir: UP })
theorem checking MidExact(MidExactSequence { mid: "11111111111101", dir: UP })
timeout theorem: MidExact(MidExactSequence { mid: "11111111111101", dir: UP })
theorem checking MidExact(MidExactSequence { mid: "111111111111011", dir: UP })
timeout theorem: MidExact(MidExactSequence { mid: "111111111111011", dir: UP })
theorem checking MidExact(MidExactSequence { mid: "10111111011", dir: UP })
timeout theorem: MidExact(MidExactSequence { mid: "10111111011", dir: UP })
theorem checking MidExact(MidExactSequence { mid: "1111101111110", dir: UP })
timeout theorem: MidExact(MidExactSequence { mid: "1111101111110", dir: UP })
theorem checking MidExact(MidExactSequence { mid: "11111011111101", dir: UP })
timeout theorem: MidExact(MidExactSequence { mid: "11111011111101", dir: UP })
theorem checking MidExact(MidExactSequence { mid: "111110111111011", dir: UP })
timeout theorem: MidExact(MidExactSequence { mid: "111110111111011", dir: UP })
theorem checking MidExact(MidExactSequence { mid: "1111101111110111", dir: UP })
timeout theorem: MidExact(MidExactSequence { mid: "1111101111110111", dir: UP })
theorem checking MidExact(MidExactSequence { mid: "11111011111101110", dir: UP })
theorem: MidExact(MidExactSequence { mid: "11111011111101110", dir: UP })
theorem checking MidExact(MidExactSequence { mid: "11111011111101110", dir: UP })
theorem: MidExact(MidExactSequence { mid: "11111011111101110", dir: UP })
theorem checking MidExact(MidExactSequence { mid: "11111011111101110", dir: UP })
theorem: MidExact(MidExactSequence { mid: "11111011111101110", dir: UP })
theorem checking MidExact(MidExactSequence { mid: "11111011111101110", dir: UP })
theorem: MidExact(MidExactSequence { mid: "11111011111101110", dir: UP })
theorem checking MidExact(MidExactSequence { mid: "11111011111101110", dir: UP })
theorem: MidExact(MidExactSequence { mid: "11111011111101110", dir: UP })
Result(true)
visited: 14905
MidExact(MidExactSequence { mid: "11111111101111110", dir: UP }) vs [MidExact(MidExactSequence { mid: "0110", dir: UP }), MidExact(MidExactSequence { mid: "0111101111110", dir: UP }), MidExact(MidExactSequence { mid: "0111111011110", dir: UP }), MidExact(MidExactSequence { mid: "011111101111110", dir: UP }), MidExact(MidExactSequence { mid: "01111110111111111", dir: UP }), MidExact(MidExactSequence { mid: "11111011101111110", dir: UP }), MidExact(MidExactSequence { mid: "11111011111101110", dir: UP }), MidExact(MidExactSequence { mid: "111111111111111111", dir: UP }), MidExact(MidExactSequence { mid: "1011111111111111111", dir: UP })]
Timeout
timeout
Timeout
timeout
Timeout
timeout
Timeout
timeout
theorem checking MidExact(MidExactSequence { mid: "01111110", dir: UP })
timeout theorem: MidExact(MidExactSequence { mid: "01111110", dir: UP })
Timeout
timeout
theorem checking MidExact(MidExactSequence { mid: "11111111110", dir: UP })
theorem checking MidExact(MidExactSequence { mid: "101111111111", dir: UP })
theorem checking MidExact(MidExactSequence { mid: "111111111101", dir: UP })
theorem checking MidExact(MidExactSequence { mid: "1111101111111111", dir: UP })
theorem: MidExact(MidExactSequence { mid: "1111101111111111", dir: UP })
theorem checking MidExact(MidExactSequence { mid: "1111101111111111", dir: UP })
theorem: MidExact(MidExactSequence { mid: "1111101111111111", dir: UP })
theorem checking MidExact(MidExactSequence { mid: "1111101111111111", dir: UP })
theorem: MidExact(MidExactSequence { mid: "1111101111111111", dir: UP })
theorem checking MidExact(MidExactSequence { mid: "1111101111111111", dir: UP })
theorem: MidExact(MidExactSequence { mid: "1111101111111111", dir: UP })
theorem checking MidExact(MidExactSequence { mid: "1111101111111111", dir: UP })
theorem: MidExact(MidExactSequence { mid: "1111101111111111", dir: UP })
Result(true)
visited: 14905
MidExact(MidExactSequence { mid: "111111111111111111", dir: UP }) vs [MidExact(MidExactSequence { mid: "0110", dir: UP }), MidExact(MidExactSequence { mid: "0111101111110", dir: UP }), MidExact(MidExactSequence { mid: "0111111011110", dir: UP }), MidExact(MidExactSequence { mid: "011111101111110", dir: UP }), MidExact(MidExactSequence { mid: "01111110111111111", dir: UP }), MidExact(MidExactSequence { mid: "11111011101111110", dir: UP }), MidExact(MidExactSequence { mid: "11111011111101110", dir: UP }), MidExact(MidExactSequence { mid: "11111111101111110", dir: UP }), MidExact(MidExactSequence { mid: "1011111111111111111", dir: UP })]
Timeout
timeout
Timeout
timeout
Timeout
timeout
Timeout
timeout
theorem checking MidExact(MidExactSequence { mid: "01111110", dir: UP })
timeout theorem: MidExact(MidExactSequence { mid: "01111110", dir: UP })
Timeout
timeout
theorem checking MidExact(MidExactSequence { mid: "111101111111111", dir: UP })
timeout theorem: MidExact(MidExactSequence { mid: "111101111111111", dir: UP })
theorem checking MidExact(MidExactSequence { mid: "0111111111110", dir: UP })
timeout theorem: MidExact(MidExactSequence { mid: "0111111111110", dir: UP })
theorem checking MidExact(MidExactSequence { mid: "1111101111111111", dir: UP })
theorem: MidExact(MidExactSequence { mid: "1111101111111111", dir: UP })
theorem checking MidExact(MidExactSequence { mid: "1111101111111111", dir: UP })
theorem: MidExact(MidExactSequence { mid: "1111101111111111", dir: UP })
theorem checking MidExact(MidExactSequence { mid: "1111101111111111", dir: UP })
theorem: MidExact(MidExactSequence { mid: "1111101111111111", dir: UP })
theorem checking MidExact(MidExactSequence { mid: "1111101111111111", dir: UP })
theorem: MidExact(MidExactSequence { mid: "1111101111111111", dir: UP })
theorem checking MidExact(MidExactSequence { mid: "1111101111111111", dir: UP })
theorem: MidExact(MidExactSequence { mid: "1111101111111111", dir: UP })
Result(true)
visited: 14905
MidExact(MidExactSequence { mid: "1011111111111111111", dir: UP }) vs [MidExact(MidExactSequence { mid: "0110", dir: UP }), MidExact(MidExactSequence { mid: "0111101111110", dir: UP }), MidExact(MidExactSequence { mid: "0111111011110", dir: UP }), MidExact(MidExactSequence { mid: "011111101111110", dir: UP }), MidExact(MidExactSequence { mid: "01111110111111111", dir: UP }), MidExact(MidExactSequence { mid: "11111011101111110", dir: UP }), MidExact(MidExactSequence { mid: "11111011111101110", dir: UP }), MidExact(MidExactSequence { mid: "11111111101111110", dir: UP }), MidExact(MidExactSequence { mid: "111111111111111111", dir: UP })]
Timeout
timeout
Timeout
timeout
Timeout
timeout
Timeout
timeout
theorem checking MidExact(MidExactSequence { mid: "1111111111", dir: UP })
theorem checking MidExact(MidExactSequence { mid: "01111110", dir: UP })
timeout theorem: MidExact(MidExactSequence { mid: "01111110", dir: UP })
theorem checking MidExact(MidExactSequence { mid: "111111111111", dir: UP })
theorem checking MidExact(MidExactSequence { mid: "1111111111111", dir: UP })
theorem checking MidExact(MidExactSequence { mid: "11111111111111", dir: UP })
timeout theorem: MidExact(MidExactSequence { mid: "11111111111111", dir: UP })
theorem checking MidExact(MidExactSequence { mid: "11111111111", dir: UP })
theorem checking MidExact(MidExactSequence { mid: "111111111111111", dir: UP })
timeout theorem: MidExact(MidExactSequence { mid: "111111111111111", dir: UP })
theorem checking MidExact(MidExactSequence { mid: "101111110", dir: UP })
timeout theorem: MidExact(MidExactSequence { mid: "101111110", dir: UP })
Timeout
timeout
theorem checking MidExact(MidExactSequence { mid: "111101111111111", dir: UP })
timeout theorem: MidExact(MidExactSequence { mid: "111101111111111", dir: UP })
theorem checking MidExact(MidExactSequence { mid: "0111111111110", dir: UP })
timeout theorem: MidExact(MidExactSequence { mid: "0111111111110", dir: UP })
theorem checking MidExact(MidExactSequence { mid: "1111111111110", dir: UP })
timeout theorem: MidExact(MidExactSequence { mid: "1111111111110", dir: UP })
theorem checking MidExact(MidExactSequence { mid: "11111111111101", dir: UP })
timeout theorem: MidExact(MidExactSequence { mid: "11111111111101", dir: UP })
theorem checking MidExact(MidExactSequence { mid: "11111111111110", dir: UP })
timeout theorem: MidExact(MidExactSequence { mid: "11111111111110", dir: UP })
theorem checking MidExact(MidExactSequence { mid: "1111101111111111", dir: UP })
theorem: MidExact(MidExactSequence { mid: "1111101111111111", dir: UP })
theorem checking MidExact(MidExactSequence { mid: "1111101111111111", dir: UP })
theorem: MidExact(MidExactSequence { mid: "1111101111111111", dir: UP })
theorem checking MidExact(MidExactSequence { mid: "1111101111111111", dir: UP })
theorem: MidExact(MidExactSequence { mid: "1111101111111111", dir: UP })
theorem checking MidExact(MidExactSequence { mid: "1111101111111111", dir: UP })
theorem: MidExact(MidExactSequence { mid: "1111101111111111", dir: UP })
theorem checking MidExact(MidExactSequence { mid: "1111101111111111", dir: UP })
theorem: MidExact(MidExactSequence { mid: "1111101111111111", dir: UP })
theorem checking MidExact(MidExactSequence { mid: "011111111111111", dir: UP })
theorem: MidExact(MidExactSequence { mid: "011111111111111", dir: UP })
Result(true)
recursive strings: [MidExact(MidExactSequence { mid: "0110", dir: UP }), MidExact(MidExactSequence { mid: "0111101111110", dir: UP }), MidExact(MidExactSequence { mid: "0111111011110", dir: UP }), MidExact(MidExactSequence { mid: "011111101111110", dir: UP }), MidExact(MidExactSequence { mid: "01111110111111111", dir: UP }), MidExact(MidExactSequence { mid: "11111011101111110", dir: UP }), MidExact(MidExactSequence { mid: "11111011111101110", dir: UP }), MidExact(MidExactSequence { mid: "11111111101111110", dir: UP }), MidExact(MidExactSequence { mid: "111111111111111111", dir: UP }), MidExact(MidExactSequence { mid: "1011111111111111111", dir: UP })]
all ok
1 pcp: PCP { tiles: [Tile { up: "011", dn: "1111" }, Tile { up: "1", dn: "1011" }, Tile { up: "1111", dn: "1" }] }
visited: 14791
upper true: "0110"
upper true: "011111101111110"
upper true: "11110111101111110"
upper true: "11110111111011110"
upper true: "11111111101111110"
upper true: "011111101111111111"
upper true: "0111111011101111110"
upper true: "1101111110111111111"
lower true: "0111011111111011110"
lower true: "0111101110111111110"
lower true: "0111101111111011110"
lower true: "0111101111111101110"
lower true: "0111111110111011110"
visited: 14791
MidExact(MidExactSequence { mid: "0110", dir: UP }) vs [MidExact(MidExactSequence { mid: "011111101111110", dir: UP }), MidExact(MidExactSequence { mid: "11110111101111110", dir: UP }), MidExact(MidExactSequence { mid: "11110111111011110", dir: UP }), MidExact(MidExactSequence { mid: "11111111101111110", dir: UP }), MidExact(MidExactSequence { mid: "011111101111111111", dir: UP }), MidExact(MidExactSequence { mid: "0111111011101111110", dir: UP }), MidExact(MidExactSequence { mid: "1101111110111111111", dir: UP }), MidExact(MidExactSequence { mid: "0111011111111011110", dir: DN }), MidExact(MidExactSequence { mid: "0111101110111111110", dir: DN }), MidExact(MidExactSequence { mid: "0111101111111011110", dir: DN }), MidExact(MidExactSequence { mid: "0111101111111101110", dir: DN }), MidExact(MidExactSequence { mid: "0111111110111011110", dir: DN })]
Timeout
timeout
Result(true)
visited: 14791
MidExact(MidExactSequence { mid: "011111101111110", dir: UP }) vs [MidExact(MidExactSequence { mid: "0110", dir: UP }), MidExact(MidExactSequence { mid: "11110111101111110", dir: UP }), MidExact(MidExactSequence { mid: "11110111111011110", dir: UP }), MidExact(MidExactSequence { mid: "11111111101111110", dir: UP }), MidExact(MidExactSequence { mid: "011111101111111111", dir: UP }), MidExact(MidExactSequence { mid: "0111111011101111110", dir: UP }), MidExact(MidExactSequence { mid: "1101111110111111111", dir: UP }), MidExact(MidExactSequence { mid: "0111011111111011110", dir: DN }), MidExact(MidExactSequence { mid: "0111101110111111110", dir: DN }), MidExact(MidExactSequence { mid: "0111101111111011110", dir: DN }), MidExact(MidExactSequence { mid: "0111101111111101110", dir: DN }), MidExact(MidExactSequence { mid: "0111111110111011110", dir: DN })]
Timeout
timeout
theorem checking MidExact(MidExactSequence { mid: "111101", dir: UP })
theorem checking MidExact(MidExactSequence { mid: "1111011", dir: UP })
theorem checking MidExact(MidExactSequence { mid: "11110111", dir: UP })
theorem checking MidExact(MidExactSequence { mid: "111101111", dir: UP })
theorem checking MidExact(MidExactSequence { mid: "1111011111", dir: UP })
theorem checking MidExact(MidExactSequence { mid: "11110111111", dir: UP })
Timeout
timeout
theorem checking MidExact(MidExactSequence { mid: "11110", dir: UP })
theorem checking MidExact(MidExactSequence { mid: "111111", dir: UP })
Timeout
timeout
theorem checking MidExact(MidExactSequence { mid: "111111110", dir: UP })
theorem checking MidExact(MidExactSequence { mid: "1111111101", dir: UP })
Timeout
timeout
theorem checking MidExact(MidExactSequence { mid: "11111111", dir: UP })
theorem checking MidExact(MidExactSequence { mid: "111111111", dir: UP })
theorem checking MidExact(MidExactSequence { mid: "1111111111", dir: UP })
theorem checking MidExact(MidExactSequence { mid: "11111111011", dir: UP })
theorem checking MidExact(MidExactSequence { mid: "11111110111", dir: UP })
theorem checking MidExact(MidExactSequence { mid: "111111101111", dir: UP })
theorem checking MidExact(MidExactSequence { mid: "1111111011111", dir: UP })
theorem checking MidExact(MidExactSequence { mid: "11111110111111", dir: UP })
theorem checking MidExact(MidExactSequence { mid: "111111110111", dir: UP })
theorem checking MidExact(MidExactSequence { mid: "1111111101111", dir: UP })
theorem checking MidExact(MidExactSequence { mid: "11111111011111", dir: UP })
theorem checking MidExact(MidExactSequence { mid: "111111110111111", dir: UP })
theorem checking MidExact(MidExactSequence { mid: "111111101111111", dir: UP })
theorem checking MidExact(MidExactSequence { mid: "1111111011111111", dir: UP })
timeout theorem: MidExact(MidExactSequence { mid: "1111111011111111", dir: UP })
theorem checking MidExact(MidExactSequence { mid: "11111110111111111", dir: UP })
timeout theorem: MidExact(MidExactSequence { mid: "11111110111111111", dir: UP })
theorem checking MidExact(MidExactSequence { mid: "111111101111111111", dir: UP })
timeout theorem: MidExact(MidExactSequence { mid: "111111101111111111", dir: UP })
theorem checking MidExact(MidExactSequence { mid: "1111111110", dir: UP })
theorem checking MidExact(MidExactSequence { mid: "11111111101", dir: UP })
theorem checking MidExact(MidExactSequence { mid: "11111111110", dir: UP })
theorem checking MidExact(MidExactSequence { mid: "111111111101", dir: UP })
theorem checking MidExact(MidExactSequence { mid: "111111111011", dir: UP })
theorem checking MidExact(MidExactSequence { mid: "1111111110111", dir: UP })
theorem checking MidExact(MidExactSequence { mid: "11111111101111", dir: UP })
theorem checking MidExact(MidExactSequence { mid: "111111111011111", dir: UP })
theorem checking MidExact(MidExactSequence { mid: "1111111111011", dir: UP })
theorem checking MidExact(MidExactSequence { mid: "11111111110111", dir: UP })
timeout theorem: MidExact(MidExactSequence { mid: "11111111110111", dir: UP })
theorem checking MidExact(MidExactSequence { mid: "111111111101111", dir: UP })
theorem checking MidExact(MidExactSequence { mid: "1111111111011111", dir: UP })
theorem checking MidExact(MidExactSequence { mid: "111101111111", dir: UP })
theorem checking MidExact(MidExactSequence { mid: "1111011111111", dir: UP })
theorem checking MidExact(MidExactSequence { mid: "11110111111111", dir: UP })
timeout theorem: MidExact(MidExactSequence { mid: "11110111111111", dir: UP })
theorem checking MidExact(MidExactSequence { mid: "111101111111111", dir: UP })
timeout theorem: MidExact(MidExactSequence { mid: "111101111111111", dir: UP })
theorem checking MidExact(MidExactSequence { mid: "1111011111111111", dir: UP })
timeout theorem: MidExact(MidExactSequence { mid: "1111011111111111", dir: UP })
theorem checking MidExact(MidExactSequence { mid: "11110111111111111", dir: UP })
timeout theorem: MidExact(MidExactSequence { mid: "11110111111111111", dir: UP })
theorem checking MidExact(MidExactSequence { mid: "111101111111111111", dir: UP })
timeout theorem: MidExact(MidExactSequence { mid: "111101111111111111", dir: UP })
theorem checking MidExact(MidExactSequence { mid: "1111111101111111", dir: UP })
theorem checking MidExact(MidExactSequence { mid: "11111111011111111", dir: UP })
timeout theorem: MidExact(MidExactSequence { mid: "11111111011111111", dir: UP })
theorem checking MidExact(MidExactSequence { mid: "111111110111111111", dir: UP })
timeout theorem: MidExact(MidExactSequence { mid: "111111110111111111", dir: UP })
theorem checking MidExact(MidExactSequence { mid: "1111111110111111", dir: UP })
theorem checking MidExact(MidExactSequence { mid: "11111111101111111", dir: UP })
theorem checking MidExact(MidExactSequence { mid: "111111111011111111", dir: UP })
timeout theorem: MidExact(MidExactSequence { mid: "111111111011111111", dir: UP })
theorem checking MidExact(MidExactSequence { mid: "1111111110111111111", dir: UP })
timeout theorem: MidExact(MidExactSequence { mid: "1111111110111111111", dir: UP })
theorem checking MidExact(MidExactSequence { mid: "11111111110111111", dir: UP })
theorem checking MidExact(MidExactSequence { mid: "111111111101111111", dir: UP })
timeout theorem: MidExact(MidExactSequence { mid: "111111111101111111", dir: UP })
theorem checking MidExact(MidExactSequence { mid: "1111111111011111111", dir: UP })
timeout theorem: MidExact(MidExactSequence { mid: "1111111111011111111", dir: UP })
theorem checking MidExact(MidExactSequence { mid: "11111111110111111111", dir: UP })
timeout theorem: MidExact(MidExactSequence { mid: "11111111110111111111", dir: UP })
theorem checking MidExact(MidExactSequence { mid: "1111111101111111111", dir: UP })
timeout theorem: MidExact(MidExactSequence { mid: "1111111101111111111", dir: UP })
theorem checking MidExact(MidExactSequence { mid: "1111011111111111111", dir: UP })
timeout theorem: MidExact(MidExactSequence { mid: "1111011111111111111", dir: UP })
theorem checking MidExact(MidExactSequence { mid: "01111110", dir: UP })
timeout theorem: MidExact(MidExactSequence { mid: "01111110", dir: UP })
theorem checking MidExact(MidExactSequence { mid: "0111111011", dir: UP })
timeout theorem: MidExact(MidExactSequence { mid: "0111111011", dir: UP })
theorem checking MidExact(MidExactSequence { mid: "1101111110", dir: UP })
timeout theorem: MidExact(MidExactSequence { mid: "1101111110", dir: UP })
theorem checking MidExact(MidExactSequence { mid: "1111011111111110", dir: UP })
timeout theorem: MidExact(MidExactSequence { mid: "1111011111111110", dir: UP })
theorem checking MidExact(MidExactSequence { mid: "11110111111111101", dir: UP })
timeout theorem: MidExact(MidExactSequence { mid: "11110111111111101", dir: UP })
theorem checking MidExact(MidExactSequence { mid: "111101110", dir: UP })
theorem checking MidExact(MidExactSequence { mid: "1111011101", dir: UP })
theorem checking MidExact(MidExactSequence { mid: "111101111110", dir: UP })
timeout theorem: MidExact(MidExactSequence { mid: "111101111110", dir: UP })
theorem checking MidExact(MidExactSequence { mid: "1111011111101", dir: UP })
timeout theorem: MidExact(MidExactSequence { mid: "1111011111101", dir: UP })
theorem checking MidExact(MidExactSequence { mid: "11111101111110", dir: UP })
timeout theorem: MidExact(MidExactSequence { mid: "11111101111110", dir: UP })
theorem checking MidExact(MidExactSequence { mid: "111111011111101", dir: UP })
timeout theorem: MidExact(MidExactSequence { mid: "111111011111101", dir: UP })
theorem checking MidExact(MidExactSequence { mid: "111111101111110", dir: UP })
timeout theorem: MidExact(MidExactSequence { mid: "111111101111110", dir: UP })
theorem checking MidExact(MidExactSequence { mid: "1111111011111101", dir: UP })
timeout theorem: MidExact(MidExactSequence { mid: "1111111011111101", dir: UP })
theorem checking MidExact(MidExactSequence { mid: "11110111011", dir: UP })
theorem checking MidExact(MidExactSequence { mid: "111101111111111011", dir: UP })
timeout theorem: MidExact(MidExactSequence { mid: "111101111111111011", dir: UP })
theorem checking MidExact(MidExactSequence { mid: "1111011111111110111", dir: UP })
timeout theorem: MidExact(MidExactSequence { mid: "1111011111111110111", dir: UP })
theorem checking MidExact(MidExactSequence { mid: "11110111111111101111", dir: UP })
timeout theorem: MidExact(MidExactSequence { mid: "11110111111111101111", dir: UP })
theorem checking MidExact(MidExactSequence { mid: "111101111111111011111", dir: UP })
timeout theorem: MidExact(MidExactSequence { mid: "111101111111111011111", dir: UP })
theorem checking MidExact(MidExactSequence { mid: "1111111101111110", dir: UP })
timeout theorem: MidExact(MidExactSequence { mid: "1111111101111110", dir: UP })
theorem checking MidExact(MidExactSequence { mid: "11111111011111101", dir: UP })
timeout theorem: MidExact(MidExactSequence { mid: "11111111011111101", dir: UP })
theorem checking MidExact(MidExactSequence { mid: "1111011111111110111111", dir: UP })
timeout theorem: MidExact(MidExactSequence { mid: "1111011111111110111111", dir: UP })
theorem checking MidExact(MidExactSequence { mid: "11110111111111101111111", dir: UP })
timeout theorem: MidExact(MidExactSequence { mid: "11110111111111101111111", dir: UP })
theorem checking MidExact(MidExactSequence { mid: "111101111111111011111111", dir: UP })
timeout theorem: MidExact(MidExactSequence { mid: "111101111111111011111111", dir: UP })
theorem checking MidExact(MidExactSequence { mid: "1111011111111110111111111", dir: UP })
timeout theorem: MidExact(MidExactSequence { mid: "1111011111111110111111111", dir: UP })
theorem checking MidExact(MidExactSequence { mid: "11111111011111111110", dir: UP })
timeout theorem: MidExact(MidExactSequence { mid: "11111111011111111110", dir: UP })
theorem checking MidExact(MidExactSequence { mid: "111111110111111111101", dir: UP })
timeout theorem: MidExact(MidExactSequence { mid: "111111110111111111101", dir: UP })
theorem checking MidExact(MidExactSequence { mid: "11111111101111111111", dir: UP })
timeout theorem: MidExact(MidExactSequence { mid: "11111111101111111111", dir: UP })
theorem checking MidExact(MidExactSequence { mid: "111111111011111111110", dir: UP })
timeout theorem: MidExact(MidExactSequence { mid: "111111111011111111110", dir: UP })
theorem checking MidExact(MidExactSequence { mid: "1111111110111111111101", dir: UP })
timeout theorem: MidExact(MidExactSequence { mid: "1111111110111111111101", dir: UP })
theorem checking MidExact(MidExactSequence { mid: "1111111101111111111011", dir: UP })
timeout theorem: MidExact(MidExactSequence { mid: "1111111101111111111011", dir: UP })
theorem checking MidExact(MidExactSequence { mid: "1111011110", dir: UP })
timeout theorem: MidExact(MidExactSequence { mid: "1111011110", dir: UP })
theorem checking MidExact(MidExactSequence { mid: "11110111101", dir: UP })
timeout theorem: MidExact(MidExactSequence { mid: "11110111101", dir: UP })
Timeout
timeout
theorem checking MidExact(MidExactSequence { mid: "1111111011111110", dir: UP })
timeout theorem: MidExact(MidExactSequence { mid: "1111111011111110", dir: UP })
theorem checking MidExact(MidExactSequence { mid: "11111110111111101", dir: UP })
timeout theorem: MidExact(MidExactSequence { mid: "11111110111111101", dir: UP })
theorem checking MidExact(MidExactSequence { mid: "111111101111111011", dir: UP })
timeout theorem: MidExact(MidExactSequence { mid: "111111101111111011", dir: UP })
theorem checking MidExact(MidExactSequence { mid: "1101111111111", dir: UP })
timeout theorem: MidExact(MidExactSequence { mid: "1101111111111", dir: UP })
theorem checking MidExact(MidExactSequence { mid: "0111111111110", dir: UP })
timeout theorem: MidExact(MidExactSequence { mid: "0111111111110", dir: UP })
theorem checking MidExact(MidExactSequence { mid: "1111110111111111", dir: UP })
timeout theorem: MidExact(MidExactSequence { mid: "1111110111111111", dir: UP })
theorem checking MidExact(MidExactSequence { mid: "11111101111111111", dir: UP })
timeout theorem: MidExact(MidExactSequence { mid: "11111101111111111", dir: UP })
theorem checking MidExact(MidExactSequence { mid: "1111111011111110111", dir: UP })
theorem checking MidExact(MidExactSequence { mid: "11111110111111101111", dir: UP })
theorem checking MidExact(MidExactSequence { mid: "111111101111111011111", dir: UP })
theorem checking MidExact(MidExactSequence { mid: "111111101110", dir: UP })
theorem checking MidExact(MidExactSequence { mid: "1111111011101", dir: UP })
theorem checking MidExact(MidExactSequence { mid: "11111111011111110", dir: UP })
timeout theorem: MidExact(MidExactSequence { mid: "11111111011111110", dir: UP })
theorem checking MidExact(MidExactSequence { mid: "111111110111111101", dir: UP })
timeout theorem: MidExact(MidExactSequence { mid: "111111110111111101", dir: UP })
theorem checking MidExact(MidExactSequence { mid: "1111111101111111011", dir: UP })
timeout theorem: MidExact(MidExactSequence { mid: "1111111101111111011", dir: UP })
theorem checking MidExact(MidExactSequence { mid: "111111111011111110", dir: UP })
timeout theorem: MidExact(MidExactSequence { mid: "111111111011111110", dir: UP })
theorem checking MidExact(MidExactSequence { mid: "1111111110111111101", dir: UP })
timeout theorem: MidExact(MidExactSequence { mid: "1111111110111111101", dir: UP })
theorem checking MidExact(MidExactSequence { mid: "11111111101111111011", dir: UP })
timeout theorem: MidExact(MidExactSequence { mid: "11111111101111111011", dir: UP })
theorem checking MidExact(MidExactSequence { mid: "1111111111011111110", dir: UP })
timeout theorem: MidExact(MidExactSequence { mid: "1111111111011111110", dir: UP })
theorem checking MidExact(MidExactSequence { mid: "11111111110111111101", dir: UP })
timeout theorem: MidExact(MidExactSequence { mid: "11111111110111111101", dir: UP })
theorem checking MidExact(MidExactSequence { mid: "111111111101111111011", dir: UP })
timeout theorem: MidExact(MidExactSequence { mid: "111111111101111111011", dir: UP })
theorem checking MidExact(MidExactSequence { mid: "11111110111111101110", dir: UP })
timeout theorem: MidExact(MidExactSequence { mid: "11111110111111101110", dir: UP })
theorem checking MidExact(MidExactSequence { mid: "111111101111111011101", dir: UP })
timeout theorem: MidExact(MidExactSequence { mid: "111111101111111011101", dir: UP })
theorem checking MidExact(MidExactSequence { mid: "11111110111011", dir: UP })
theorem checking MidExact(MidExactSequence { mid: "111111101110111", dir: UP })
timeout theorem: MidExact(MidExactSequence { mid: "111111101110111", dir: UP })
theorem checking MidExact(MidExactSequence { mid: "1111111011101111", dir: UP })
timeout theorem: MidExact(MidExactSequence { mid: "1111111011101111", dir: UP })
theorem checking MidExact(MidExactSequence { mid: "11111110111011111", dir: UP })
timeout theorem: MidExact(MidExactSequence { mid: "11111110111011111", dir: UP })
theorem checking MidExact(MidExactSequence { mid: "111111101110111111", dir: UP })
timeout theorem: MidExact(MidExactSequence { mid: "111111101110111111", dir: UP })
theorem checking MidExact(MidExactSequence { mid: "1111111011101111111", dir: UP })
timeout theorem: MidExact(MidExactSequence { mid: "1111111011101111111", dir: UP })
theorem checking MidExact(MidExactSequence { mid: "11111110111011111111", dir: UP })
timeout theorem: MidExact(MidExactSequence { mid: "11111110111011111111", dir: UP })
theorem checking MidExact(MidExactSequence { mid: "111111101110111111111", dir: UP })
timeout theorem: MidExact(MidExactSequence { mid: "111111101110111111111", dir: UP })
theorem checking MidExact(MidExactSequence { mid: "1111111011101111111111", dir: UP })
timeout theorem: MidExact(MidExactSequence { mid: "1111111011101111111111", dir: UP })
theorem checking MidExact(MidExactSequence { mid: "11111110111011111111110", dir: UP })
timeout theorem: MidExact(MidExactSequence { mid: "11111110111011111111110", dir: UP })
theorem checking MidExact(MidExactSequence { mid: "111111101110111111111101", dir: UP })
timeout theorem: MidExact(MidExactSequence { mid: "111111101110111111111101", dir: UP })
theorem checking MidExact(MidExactSequence { mid: "1111111011111111111", dir: UP })
timeout theorem: MidExact(MidExactSequence { mid: "1111111011111111111", dir: UP })
theorem checking MidExact(MidExactSequence { mid: "1111111101110", dir: UP })
timeout theorem: MidExact(MidExactSequence { mid: "1111111101110", dir: UP })
theorem checking MidExact(MidExactSequence { mid: "11111111011101", dir: UP })
timeout theorem: MidExact(MidExactSequence { mid: "11111111011101", dir: UP })
theorem checking MidExact(MidExactSequence { mid: "11111111101110", dir: UP })
timeout theorem: MidExact(MidExactSequence { mid: "11111111101110", dir: UP })
theorem checking MidExact(MidExactSequence { mid: "111111111011101", dir: UP })
timeout theorem: MidExact(MidExactSequence { mid: "111111111011101", dir: UP })
theorem checking MidExact(MidExactSequence { mid: "111111111101110", dir: UP })
timeout theorem: MidExact(MidExactSequence { mid: "111111111101110", dir: UP })
theorem checking MidExact(MidExactSequence { mid: "1111111111011101", dir: UP })
timeout theorem: MidExact(MidExactSequence { mid: "1111111111011101", dir: UP })
theorem checking MidExact(MidExactSequence { mid: "111111110111011", dir: UP })
timeout theorem: MidExact(MidExactSequence { mid: "111111110111011", dir: UP })
theorem checking MidExact(MidExactSequence { mid: "11111111011111111111", dir: UP })
timeout theorem: MidExact(MidExactSequence { mid: "11111111011111111111", dir: UP })
theorem checking MidExact(MidExactSequence { mid: "1111011101111111111111", dir: UP })
timeout theorem: MidExact(MidExactSequence { mid: "1111011101111111111111", dir: UP })
theorem checking MidExact(MidExactSequence { mid: "11110111011111111111111", dir: UP })
timeout theorem: MidExact(MidExactSequence { mid: "11110111011111111111111", dir: UP })
theorem checking MidExact(MidExactSequence { mid: "11111111111110", dir: UP })
timeout theorem: MidExact(MidExactSequence { mid: "11111111111110", dir: UP })
theorem checking MidExact(MidExactSequence { mid: "111111111111101", dir: UP })
timeout theorem: MidExact(MidExactSequence { mid: "111111111111101", dir: UP })
theorem checking MidExact(MidExactSequence { mid: "111111011110", dir: UP })
theorem checking MidExact(MidExactSequence { mid: "1111110111101", dir: UP })
theorem checking MidExact(MidExactSequence { mid: "1111111011110", dir: UP })
timeout theorem: MidExact(MidExactSequence { mid: "1111111011110", dir: UP })
theorem checking MidExact(MidExactSequence { mid: "11111110111101", dir: UP })
timeout theorem: MidExact(MidExactSequence { mid: "11111110111101", dir: UP })
theorem checking MidExact(MidExactSequence { mid: "11111111011110", dir: UP })
timeout theorem: MidExact(MidExactSequence { mid: "11111111011110", dir: UP })
theorem checking MidExact(MidExactSequence { mid: "111111110111101", dir: UP })
timeout theorem: MidExact(MidExactSequence { mid: "111111110111101", dir: UP })
theorem checking MidExact(MidExactSequence { mid: "111111111011110", dir: UP })
timeout theorem: MidExact(MidExactSequence { mid: "111111111011110", dir: UP })
theorem checking MidExact(MidExactSequence { mid: "1111111110111101", dir: UP })
timeout theorem: MidExact(MidExactSequence { mid: "1111111110111101", dir: UP })
theorem checking MidExact(MidExactSequence { mid: "111101111011", dir: UP })
timeout theorem: MidExact(MidExactSequence { mid: "111101111011", dir: UP })
theorem checking MidExact(MidExactSequence { mid: "1111011110111", dir: UP })
timeout theorem: MidExact(MidExactSequence { mid: "1111011110111", dir: UP })
theorem checking MidExact(MidExactSequence { mid: "11110111101111", dir: UP })
theorem checking MidExact(MidExactSequence { mid: "111101111011111", dir: UP })
theorem checking MidExact(MidExactSequence { mid: "11111101111011", dir: UP })
theorem checking MidExact(MidExactSequence { mid: "111111011110111", dir: UP })
timeout theorem: MidExact(MidExactSequence { mid: "111111011110111", dir: UP })
theorem checking MidExact(MidExactSequence { mid: "1111110111101111", dir: UP })
timeout theorem: MidExact(MidExactSequence { mid: "1111110111101111", dir: UP })
theorem checking MidExact(MidExactSequence { mid: "11111101111011111", dir: UP })
timeout theorem: MidExact(MidExactSequence { mid: "11111101111011111", dir: UP })
theorem checking MidExact(MidExactSequence { mid: "111111101111011", dir: UP })
timeout theorem: MidExact(MidExactSequence { mid: "111111101111011", dir: UP })
theorem checking MidExact(MidExactSequence { mid: "1111111011110111", dir: UP })
timeout theorem: MidExact(MidExactSequence { mid: "1111111011110111", dir: UP })
theorem checking MidExact(MidExactSequence { mid: "11111110111101111", dir: UP })
timeout theorem: MidExact(MidExactSequence { mid: "11111110111101111", dir: UP })
theorem checking MidExact(MidExactSequence { mid: "111111101111011111", dir: UP })
timeout theorem: MidExact(MidExactSequence { mid: "111111101111011111", dir: UP })
theorem checking MidExact(MidExactSequence { mid: "1111111101111011", dir: UP })
timeout theorem: MidExact(MidExactSequence { mid: "1111111101111011", dir: UP })
theorem checking MidExact(MidExactSequence { mid: "11111111011110111", dir: UP })
timeout theorem: MidExact(MidExactSequence { mid: "11111111011110111", dir: UP })
theorem checking MidExact(MidExactSequence { mid: "111111110111101111", dir: UP })
timeout theorem: MidExact(MidExactSequence { mid: "111111110111101111", dir: UP })
theorem checking MidExact(MidExactSequence { mid: "1111111101111011111", dir: UP })
timeout theorem: MidExact(MidExactSequence { mid: "1111111101111011111", dir: UP })
theorem checking MidExact(MidExactSequence { mid: "1111011110111111", dir: UP })
theorem checking MidExact(MidExactSequence { mid: "11110111101111111", dir: UP })
theorem checking MidExact(MidExactSequence { mid: "111101111011111111", dir: UP })
timeout theorem: MidExact(MidExactSequence { mid: "111101111011111111", dir: UP })
theorem checking MidExact(MidExactSequence { mid: "1111011110111111111", dir: UP })
timeout theorem: MidExact(MidExactSequence { mid: "1111011110111111111", dir: UP })
theorem checking MidExact(MidExactSequence { mid: "111111011110111111", dir: UP })
timeout theorem: MidExact(MidExactSequence { mid: "111111011110111111", dir: UP })
theorem checking MidExact(MidExactSequence { mid: "1111110111101111111", dir: UP })
timeout theorem: MidExact(MidExactSequence { mid: "1111110111101111111", dir: UP })
theorem checking MidExact(MidExactSequence { mid: "11111101111011111111", dir: UP })
timeout theorem: MidExact(MidExactSequence { mid: "11111101111011111111", dir: UP })
theorem checking MidExact(MidExactSequence { mid: "111111011110111111111", dir: UP })
timeout theorem: MidExact(MidExactSequence { mid: "111111011110111111111", dir: UP })
theorem checking MidExact(MidExactSequence { mid: "1111111011110111111", dir: UP })
timeout theorem: MidExact(MidExactSequence { mid: "1111111011110111111", dir: UP })
theorem checking MidExact(MidExactSequence { mid: "11111110111101111111", dir: UP })
timeout theorem: MidExact(MidExactSequence { mid: "11111110111101111111", dir: UP })
theorem checking MidExact(MidExactSequence { mid: "111111101111011111111", dir: UP })
timeout theorem: MidExact(MidExactSequence { mid: "111111101111011111111", dir: UP })
theorem checking MidExact(MidExactSequence { mid: "1111111011110111111111", dir: UP })
timeout theorem: MidExact(MidExactSequence { mid: "1111111011110111111111", dir: UP })
theorem checking MidExact(MidExactSequence { mid: "111111111111110", dir: UP })
timeout theorem: MidExact(MidExactSequence { mid: "111111111111110", dir: UP })
theorem checking MidExact(MidExactSequence { mid: "1111111111111101", dir: UP })
timeout theorem: MidExact(MidExactSequence { mid: "1111111111111101", dir: UP })
theorem checking MidExact(MidExactSequence { mid: "11111111111111011", dir: UP })
timeout theorem: MidExact(MidExactSequence { mid: "11111111111111011", dir: UP })
theorem checking MidExact(MidExactSequence { mid: "111111111111110111", dir: UP })
timeout theorem: MidExact(MidExactSequence { mid: "111111111111110111", dir: UP })
theorem checking MidExact(MidExactSequence { mid: "1111111111111101111", dir: UP })
timeout theorem: MidExact(MidExactSequence { mid: "1111111111111101111", dir: UP })
theorem checking MidExact(MidExactSequence { mid: "11111111111111011111", dir: UP })
timeout theorem: MidExact(MidExactSequence { mid: "11111111111111011111", dir: UP })
theorem checking MidExact(MidExactSequence { mid: "111111111111110111111", dir: UP })
timeout theorem: MidExact(MidExactSequence { mid: "111111111111110111111", dir: UP })
theorem checking MidExact(MidExactSequence { mid: "1111111011111111110", dir: UP })
timeout theorem: MidExact(MidExactSequence { mid: "1111111011111111110", dir: UP })
theorem checking MidExact(MidExactSequence { mid: "11111110111111111101", dir: UP })
timeout theorem: MidExact(MidExactSequence { mid: "11111110111111111101", dir: UP })
theorem checking MidExact(MidExactSequence { mid: "1111111011111110111111", dir: UP })
timeout theorem: MidExact(MidExactSequence { mid: "1111111011111110111111", dir: UP })
theorem checking MidExact(MidExactSequence { mid: "11111110111111111110", dir: UP })
timeout theorem: MidExact(MidExactSequence { mid: "11111110111111111110", dir: UP })
theorem checking MidExact(MidExactSequence { mid: "111111101111111111101", dir: UP })
timeout theorem: MidExact(MidExactSequence { mid: "111111101111111111101", dir: UP })
theorem checking MidExact(MidExactSequence { mid: "01111111111011111111110", dir: UP })
timeout theorem: MidExact(MidExactSequence { mid: "01111111111011111111110", dir: UP })
theorem checking MidExact(MidExactSequence { mid: "1111111111111", dir: UP })
timeout theorem: MidExact(MidExactSequence { mid: "1111111111111", dir: UP })
theorem checking MidExact(MidExactSequence { mid: "11111111111111110", dir: UP })
timeout theorem: MidExact(MidExactSequence { mid: "11111111111111110", dir: UP })
theorem checking MidExact(MidExactSequence { mid: "111111111111111101", dir: UP })
timeout theorem: MidExact(MidExactSequence { mid: "111111111111111101", dir: UP })
theorem checking MidExact(MidExactSequence { mid: "1111111111111011", dir: UP })
timeout theorem: MidExact(MidExactSequence { mid: "1111111111111011", dir: UP })
theorem checking MidExact(MidExactSequence { mid: "1111111111111111011", dir: UP })
timeout theorem: MidExact(MidExactSequence { mid: "1111111111111111011", dir: UP })
theorem checking MidExact(MidExactSequence { mid: "11111111111111110111", dir: UP })
timeout theorem: MidExact(MidExactSequence { mid: "11111111111111110111", dir: UP })
theorem checking MidExact(MidExactSequence { mid: "111111111111111101111", dir: UP })
timeout theorem: MidExact(MidExactSequence { mid: "111111111111111101111", dir: UP })
theorem checking MidExact(MidExactSequence { mid: "1111111111111111011111", dir: UP })
timeout theorem: MidExact(MidExactSequence { mid: "1111111111111111011111", dir: UP })
theorem checking MidExact(MidExactSequence { mid: "11111111011111110111", dir: UP })
timeout theorem: MidExact(MidExactSequence { mid: "11111111011111110111", dir: UP })
theorem checking MidExact(MidExactSequence { mid: "111111110111111101111", dir: UP })
timeout theorem: MidExact(MidExactSequence { mid: "111111110111111101111", dir: UP })
theorem checking MidExact(MidExactSequence { mid: "1111111101111111011111", dir: UP })
timeout theorem: MidExact(MidExactSequence { mid: "1111111101111111011111", dir: UP })
theorem checking MidExact(MidExactSequence { mid: "111111111011111110111", dir: UP })
timeout theorem: MidExact(MidExactSequence { mid: "111111111011111110111", dir: UP })
theorem checking MidExact(MidExactSequence { mid: "1111111110111111101111", dir: UP })
timeout theorem: MidExact(MidExactSequence { mid: "1111111110111111101111", dir: UP })
theorem checking MidExact(MidExactSequence { mid: "11111111101111111011111", dir: UP })
timeout theorem: MidExact(MidExactSequence { mid: "11111111101111111011111", dir: UP })
theorem checking MidExact(MidExactSequence { mid: "11111110111111101111111", dir: UP })
timeout theorem: MidExact(MidExactSequence { mid: "11111110111111101111111", dir: UP })
theorem checking MidExact(MidExactSequence { mid: "111111101111111011111111", dir: UP })
timeout theorem: MidExact(MidExactSequence { mid: "111111101111111011111111", dir: UP })
theorem checking MidExact(MidExactSequence { mid: "1111111011111110111111111", dir: UP })
timeout theorem: MidExact(MidExactSequence { mid: "1111111011111110111111111", dir: UP })
theorem checking MidExact(MidExactSequence { mid: "11111111011111110111111", dir: UP })
timeout theorem: MidExact(MidExactSequence { mid: "11111111011111110111111", dir: UP })
theorem checking MidExact(MidExactSequence { mid: "111111110111111101111111", dir: UP })
timeout theorem: MidExact(MidExactSequence { mid: "111111110111111101111111", dir: UP })
theorem checking MidExact(MidExactSequence { mid: "1111111101111111011111111", dir: UP })
timeout theorem: MidExact(MidExactSequence { mid: "1111111101111111011111111", dir: UP })
theorem checking MidExact(MidExactSequence { mid: "11111111011111110111111111", dir: UP })
timeout theorem: MidExact(MidExactSequence { mid: "11111111011111110111111111", dir: UP })
theorem checking MidExact(MidExactSequence { mid: "11111110111111101111111111", dir: UP })
timeout theorem: MidExact(MidExactSequence { mid: "11111110111111101111111111", dir: UP })
theorem checking MidExact(MidExactSequence { mid: "111111101111111011111111111", dir: UP })
timeout theorem: MidExact(MidExactSequence { mid: "111111101111111011111111111", dir: UP })
theorem checking MidExact(MidExactSequence { mid: "1111111011111110111111111111", dir: UP })
timeout theorem: MidExact(MidExactSequence { mid: "1111111011111110111111111111", dir: UP })
theorem checking MidExact(MidExactSequence { mid: "11111110111111101111111111111", dir: UP })
timeout theorem: MidExact(MidExactSequence { mid: "11111110111111101111111111111", dir: UP })
theorem checking MidExact(MidExactSequence { mid: "11111110111111111111", dir: UP })
timeout theorem: MidExact(MidExactSequence { mid: "11111110111111111111", dir: UP })
theorem checking MidExact(MidExactSequence { mid: "111111101111111111111", dir: UP })
timeout theorem: MidExact(MidExactSequence { mid: "111111101111111111111", dir: UP })
theorem checking MidExact(MidExactSequence { mid: "01111111111110", dir: UP })
timeout theorem: MidExact(MidExactSequence { mid: "01111111111110", dir: UP })
theorem checking MidExact(MidExactSequence { mid: "1111111111111110", dir: UP })
timeout theorem: MidExact(MidExactSequence { mid: "1111111111111110", dir: UP })
theorem checking MidExact(MidExactSequence { mid: "11111111111111101", dir: UP })
timeout theorem: MidExact(MidExactSequence { mid: "11111111111111101", dir: UP })
theorem checking MidExact(MidExactSequence { mid: "11111111111110111", dir: UP })
timeout theorem: MidExact(MidExactSequence { mid: "11111111111110111", dir: UP })
theorem checking MidExact(MidExactSequence { mid: "1111111011111111111111", dir: UP })
timeout theorem: MidExact(MidExactSequence { mid: "1111111011111111111111", dir: UP })
theorem checking MidExact(MidExactSequence { mid: "11111110111111111111111", dir: UP })
timeout theorem: MidExact(MidExactSequence { mid: "11111110111111111111111", dir: UP })
theorem checking MidExact(MidExactSequence { mid: "111111111111101111", dir: UP })
timeout theorem: MidExact(MidExactSequence { mid: "111111111111101111", dir: UP })
theorem checking MidExact(MidExactSequence { mid: "1111111111111011111", dir: UP })
timeout theorem: MidExact(MidExactSequence { mid: "1111111111111011111", dir: UP })
theorem checking MidExact(MidExactSequence { mid: "11111111111110111111", dir: UP })
timeout theorem: MidExact(MidExactSequence { mid: "11111111111110111111", dir: UP })
theorem checking MidExact(MidExactSequence { mid: "111111111101111111111", dir: UP })
timeout theorem: MidExact(MidExactSequence { mid: "111111111101111111111", dir: UP })
theorem checking MidExact(MidExactSequence { mid: "111111110111111111110", dir: UP })
timeout theorem: MidExact(MidExactSequence { mid: "111111110111111111110", dir: UP })
theorem checking MidExact(MidExactSequence { mid: "1111111101111111111101", dir: UP })
timeout theorem: MidExact(MidExactSequence { mid: "1111111101111111111101", dir: UP })
theorem checking MidExact(MidExactSequence { mid: "1111111011111111111011", dir: UP })
timeout theorem: MidExact(MidExactSequence { mid: "1111111011111111111011", dir: UP })
theorem checking MidExact(MidExactSequence { mid: "11111110111111111110111", dir: UP })
timeout theorem: MidExact(MidExactSequence { mid: "11111110111111111110111", dir: UP })
theorem checking MidExact(MidExactSequence { mid: "111111101111111111101111", dir: UP })
timeout theorem: MidExact(MidExactSequence { mid: "111111101111111111101111", dir: UP })
theorem checking MidExact(MidExactSequence { mid: "1111111011111111111011111", dir: UP })
timeout theorem: MidExact(MidExactSequence { mid: "1111111011111111111011111", dir: UP })
theorem checking MidExact(MidExactSequence { mid: "11111110111111110", dir: UP })
timeout theorem: MidExact(MidExactSequence { mid: "11111110111111110", dir: UP })
theorem checking MidExact(MidExactSequence { mid: "111111101111111101", dir: UP })
timeout theorem: MidExact(MidExactSequence { mid: "111111101111111101", dir: UP })
theorem checking MidExact(MidExactSequence { mid: "111111110111111110", dir: UP })
timeout theorem: MidExact(MidExactSequence { mid: "111111110111111110", dir: UP })
theorem checking MidExact(MidExactSequence { mid: "1111111101111111101", dir: UP })
timeout theorem: MidExact(MidExactSequence { mid: "1111111101111111101", dir: UP })
theorem checking MidExact(MidExactSequence { mid: "1111111011111111011", dir: UP })
timeout theorem: MidExact(MidExactSequence { mid: "1111111011111111011", dir: UP })
theorem checking MidExact(MidExactSequence { mid: "11111110111111110111", dir: UP })
timeout theorem: MidExact(MidExactSequence { mid: "11111110111111110111", dir: UP })
theorem checking MidExact(MidExactSequence { mid: "111111101111111101111", dir: UP })
timeout theorem: MidExact(MidExactSequence { mid: "111111101111111101111", dir: UP })
theorem checking MidExact(MidExactSequence { mid: "1111111011111111011111", dir: UP })
timeout theorem: MidExact(MidExactSequence { mid: "1111111011111111011111", dir: UP })
theorem checking MidExact(MidExactSequence { mid: "1111111111011111110111", dir: UP })
timeout theorem: MidExact(MidExactSequence { mid: "1111111111011111110111", dir: UP })
theorem checking MidExact(MidExactSequence { mid: "11111111110111111101111", dir: UP })
timeout theorem: MidExact(MidExactSequence { mid: "11111111110111111101111", dir: UP })
theorem checking MidExact(MidExactSequence { mid: "111111111101111111011111", dir: UP })
timeout theorem: MidExact(MidExactSequence { mid: "111111111101111111011111", dir: UP })
theorem checking MidExact(MidExactSequence { mid: "111111111111101111111", dir: UP })
timeout theorem: MidExact(MidExactSequence { mid: "111111111111101111111", dir: UP })
theorem checking MidExact(MidExactSequence { mid: "1111111111111011111110", dir: UP })
timeout theorem: MidExact(MidExactSequence { mid: "1111111111111011111110", dir: UP })
theorem checking MidExact(MidExactSequence { mid: "11111111111110111111101", dir: UP })
timeout theorem: MidExact(MidExactSequence { mid: "11111111111110111111101", dir: UP })
theorem checking MidExact(MidExactSequence { mid: "1111111110111111110", dir: UP })
timeout theorem: MidExact(MidExactSequence { mid: "1111111110111111110", dir: UP })
theorem checking MidExact(MidExactSequence { mid: "11111111101111111101", dir: UP })
timeout theorem: MidExact(MidExactSequence { mid: "11111111101111111101", dir: UP })
theorem checking MidExact(MidExactSequence { mid: "11111111011111111011", dir: UP })
timeout theorem: MidExact(MidExactSequence { mid: "11111111011111111011", dir: UP })
theorem checking MidExact(MidExactSequence { mid: "111111110111111110111", dir: UP })
timeout theorem: MidExact(MidExactSequence { mid: "111111110111111110111", dir: UP })
theorem checking MidExact(MidExactSequence { mid: "1111111101111111101111", dir: UP })
timeout theorem: MidExact(MidExactSequence { mid: "1111111101111111101111", dir: UP })
theorem checking MidExact(MidExactSequence { mid: "11111111011111111011111", dir: UP })
timeout theorem: MidExact(MidExactSequence { mid: "11111111011111111011111", dir: UP })
theorem checking MidExact(MidExactSequence { mid: "111111101111111111011", dir: UP })
timeout theorem: MidExact(MidExactSequence { mid: "111111101111111111011", dir: UP })
theorem checking MidExact(MidExactSequence { mid: "1111111011111111110111", dir: UP })
timeout theorem: MidExact(MidExactSequence { mid: "1111111011111111110111", dir: UP })
theorem checking MidExact(MidExactSequence { mid: "11111110111111111101111", dir: UP })
timeout theorem: MidExact(MidExactSequence { mid: "11111110111111111101111", dir: UP })
theorem checking MidExact(MidExactSequence { mid: "111111101111111111011111", dir: UP })
timeout theorem: MidExact(MidExactSequence { mid: "111111101111111111011111", dir: UP })
theorem checking MidExact(MidExactSequence { mid: "111101110111111111", dir: UP })
timeout theorem: MidExact(MidExactSequence { mid: "111101110111111111", dir: UP })
theorem checking MidExact(MidExactSequence { mid: "11111101110111111111", dir: UP })
timeout theorem: MidExact(MidExactSequence { mid: "11111101110111111111", dir: UP })
theorem checking MidExact(MidExactSequence { mid: "1111011101111111111", dir: UP })
timeout theorem: MidExact(MidExactSequence { mid: "1111011101111111111", dir: UP })
theorem checking MidExact(MidExactSequence { mid: "11111111111111", dir: UP })
timeout theorem: MidExact(MidExactSequence { mid: "11111111111111", dir: UP })
theorem checking MidExact(MidExactSequence { mid: "111111111111111", dir: UP })
timeout theorem: MidExact(MidExactSequence { mid: "111111111111111", dir: UP })
theorem checking MidExact(MidExactSequence { mid: "1111111111111111", dir: UP })
timeout theorem: MidExact(MidExactSequence { mid: "1111111111111111", dir: UP })
theorem checking MidExact(MidExactSequence { mid: "11111111111111111", dir: UP })
timeout theorem: MidExact(MidExactSequence { mid: "11111111111111111", dir: UP })
theorem checking MidExact(MidExactSequence { mid: "111111111111111111", dir: UP })
timeout theorem: MidExact(MidExactSequence { mid: "111111111111111111", dir: UP })
theorem checking MidExact(MidExactSequence { mid: "1111111101110111", dir: UP })
timeout theorem: MidExact(MidExactSequence { mid: "1111111101110111", dir: UP })
theorem checking MidExact(MidExactSequence { mid: "11111111011101111", dir: UP })
timeout theorem: MidExact(MidExactSequence { mid: "11111111011101111", dir: UP })
theorem checking MidExact(MidExactSequence { mid: "111111110111011111", dir: UP })
timeout theorem: MidExact(MidExactSequence { mid: "111111110111011111", dir: UP })
theorem checking MidExact(MidExactSequence { mid: "1111111101110111111", dir: UP })
timeout theorem: MidExact(MidExactSequence { mid: "1111111101110111111", dir: UP })
theorem checking MidExact(MidExactSequence { mid: "111111110111111111111", dir: UP })
timeout theorem: MidExact(MidExactSequence { mid: "111111110111111111111", dir: UP })
theorem checking MidExact(MidExactSequence { mid: "1111111101111111111111", dir: UP })
timeout theorem: MidExact(MidExactSequence { mid: "1111111101111111111111", dir: UP })
theorem checking MidExact(MidExactSequence { mid: "11111111011111111111111", dir: UP })
timeout theorem: MidExact(MidExactSequence { mid: "11111111011111111111111", dir: UP })
theorem checking MidExact(MidExactSequence { mid: "11110111111101110", dir: UP })
timeout theorem: MidExact(MidExactSequence { mid: "11110111111101110", dir: UP })
theorem checking MidExact(MidExactSequence { mid: "111101111111011101", dir: UP })
timeout theorem: MidExact(MidExactSequence { mid: "111101111111011101", dir: UP })
theorem checking MidExact(MidExactSequence { mid: "1111011111110111011", dir: UP })
theorem checking MidExact(MidExactSequence { mid: "11110111111101110111", dir: UP })
timeout theorem: MidExact(MidExactSequence { mid: "11110111111101110111", dir: UP })
theorem checking MidExact(MidExactSequence { mid: "111101111111011101111", dir: UP })
timeout theorem: MidExact(MidExactSequence { mid: "111101111111011101111", dir: UP })
theorem checking MidExact(MidExactSequence { mid: "1111011111110111011111", dir: UP })
timeout theorem: MidExact(MidExactSequence { mid: "1111011111110111011111", dir: UP })
theorem checking MidExact(MidExactSequence { mid: "11110111111101110111111", dir: UP })
theorem checking MidExact(MidExactSequence { mid: "111101111111011101111111", dir: UP })
timeout theorem: MidExact(MidExactSequence { mid: "111101111111011101111111", dir: UP })
theorem checking MidExact(MidExactSequence { mid: "1111011111110111011111111", dir: UP })
timeout theorem: MidExact(MidExactSequence { mid: "1111011111110111011111111", dir: UP })
theorem checking MidExact(MidExactSequence { mid: "11110111111101110111111111", dir: UP })
timeout theorem: MidExact(MidExactSequence { mid: "11110111111101110111111111", dir: UP })
theorem checking MidExact(MidExactSequence { mid: "11110111011111111110", dir: UP })
timeout theorem: MidExact(MidExactSequence { mid: "11110111011111111110", dir: UP })
theorem checking MidExact(MidExactSequence { mid: "111101110111111111101", dir: UP })
timeout theorem: MidExact(MidExactSequence { mid: "111101110111111111101", dir: UP })
theorem checking MidExact(MidExactSequence { mid: "1111011101111111111011", dir: UP })
timeout theorem: MidExact(MidExactSequence { mid: "1111011101111111111011", dir: UP })
theorem checking MidExact(MidExactSequence { mid: "011111111111111", dir: UP })
timeout theorem: MidExact(MidExactSequence { mid: "011111111111111", dir: UP })
theorem checking MidExact(MidExactSequence { mid: "11111111111101111", dir: UP })
timeout theorem: MidExact(MidExactSequence { mid: "11111111111101111", dir: UP })
theorem checking MidExact(MidExactSequence { mid: "111111111111011111", dir: UP })
timeout theorem: MidExact(MidExactSequence { mid: "111111111111011111", dir: UP })
theorem checking MidExact(MidExactSequence { mid: "1111111111110111111", dir: UP })
timeout theorem: MidExact(MidExactSequence { mid: "1111111111110111111", dir: UP })
theorem checking MidExact(MidExactSequence { mid: "1111111111111111111", dir: UP })
timeout theorem: MidExact(MidExactSequence { mid: "1111111111111111111", dir: UP })
theorem checking MidExact(MidExactSequence { mid: "11111111111111111111", dir: UP })
timeout theorem: MidExact(MidExactSequence { mid: "11111111111111111111", dir: UP })
theorem checking MidExact(MidExactSequence { mid: "111111111111111111111", dir: UP })
timeout theorem: MidExact(MidExactSequence { mid: "111111111111111111111", dir: UP })
theorem checking MidExact(MidExactSequence { mid: "1111111111111111111111", dir: UP })
timeout theorem: MidExact(MidExactSequence { mid: "1111111111111111111111", dir: UP })
theorem checking MidExact(MidExactSequence { mid: "11111111111111111111111", dir: UP })
timeout theorem: MidExact(MidExactSequence { mid: "11111111111111111111111", dir: UP })
theorem checking MidExact(MidExactSequence { mid: "111111111111111111111111", dir: UP })
timeout theorem: MidExact(MidExactSequence { mid: "111111111111111111111111", dir: UP })
theorem checking MidExact(MidExactSequence { mid: "1111111111111111111111111", dir: UP })
timeout theorem: MidExact(MidExactSequence { mid: "1111111111111111111111111", dir: UP })
theorem checking MidExact(MidExactSequence { mid: "11111111111111111111111111", dir: UP })
timeout theorem: MidExact(MidExactSequence { mid: "11111111111111111111111111", dir: UP })
theorem checking MidExact(MidExactSequence { mid: "111111111111111111111111111", dir: UP })
timeout theorem: MidExact(MidExactSequence { mid: "111111111111111111111111111", dir: UP })
theorem checking MidExact(MidExactSequence { mid: "1111111111111111111111111111", dir: UP })
timeout theorem: MidExact(MidExactSequence { mid: "1111111111111111111111111111", dir: UP })
theorem checking MidExact(MidExactSequence { mid: "11111111111111111111111111111", dir: UP })
